build/outputs/logs/manifest-merger-release-report.txt
-- Merging decision tree log ---
manifest
ADDED from Desktop\HPLWeather\AndroidManifest.xml:2:1-75:12
	package
		ADDED from Desktop\HPLWeather\AndroidManifest.xml:3:5-34
	android:versionName
		ADDED from Desktop\HPLWeather\AndroidManifest.xml:5:5-30
		INJECTED from Desktop\HPLWeather\AndroidManifest.xml
		INJECTED from Desktop\HPLWeather\AndroidManifest.xml
	android:versionCode
		ADDED from Desktop\HPLWeather\AndroidManifest.xml:4:5-28
		INJECTED from Desktop\HPLWeather\AndroidManifest.xml
		INJECTED from Desktop\HPLWeather\AndroidManifest.xml
	xmlns:android
		ADDED from Desktop\HPLWeather\AndroidManifest.xml:2:11-69
uses-sdk
ADDED from Desktop\HPLWeather\AndroidManifest.xml:7:5-9:41
	android:targetSdkVersion
		ADDED from Desktop\HPLWeather\AndroidManifest.xml:9:9-38
	android:minSdkVersion
		ADDED from Desktop\HPLWeather\AndroidManifest.xml:8:9-35
uses-permission#android.permission.INTERNET
ADDED from Desktop\HPLWeather\AndroidManifest.xml:11:5-66
	android:name
		ADDED from Desktop\HPLWeather\AndroidManifest.xml:11:22-64
uses-permission#android.permission.READ_EXTERNAL_STORAGE
ADDED from Desktop\HPLWeather\AndroidManifest.xml:13:5-79
	android:name
		ADDED from Desktop\HPLWeather\AndroidManifest.xml:13:22-77
uses-permission#android.permission.WRITE_EXTERNAL_STORAGE
ADDED from Desktop\HPLWeather\AndroidManifest.xml:14:5-80
	android:name
		ADDED from Desktop\HPLWeather\AndroidManifest.xml:14:22-78
uses-permission#android.permission.ACCESS_COARSE_LOCATION
ADDED from Desktop\HPLWeather\AndroidManifest.xml:16:5-80
	android:name
		ADDED from Desktop\HPLWeather\AndroidManifest.xml:16:22-78
uses-permission#android.permission.ACCESS_FINE_LOCATION
ADDED from Desktop\HPLWeather\AndroidManifest.xml:18:5-78
	android:name
		ADDED from Desktop\HPLWeather\AndroidManifest.xml:18:22-76
uses-permission#android.permission.ACCESS_WIFI_STATE
ADDED from Desktop\HPLWeather\AndroidManifest.xml:20:5-75
	android:name
		ADDED from Desktop\HPLWeather\AndroidManifest.xml:20:22-73
uses-permission#android.permission.ACCESS_NETWORK_STATE
ADDED from Desktop\HPLWeather\AndroidManifest.xml:22:5-78
	android:name
		ADDED from Desktop\HPLWeather\AndroidManifest.xml:22:22-76
uses-permission#android.permission.READ_PHONE_STATE
ADDED from Desktop\HPLWeather\AndroidManifest.xml:24:5-74
	android:name
		ADDED from Desktop\HPLWeather\AndroidManifest.xml:24:22-72
uses-permission#android.permission.CHANGE_WIFI_STATE
ADDED from Desktop\HPLWeather\AndroidManifest.xml:26:5-75
	android:name
		ADDED from Desktop\HPLWeather\AndroidManifest.xml:26:22-73
uses-permission#android.permission.MOUNT_UNMOUNT_FILESYSTEMS
ADDED from Desktop\HPLWeather\AndroidManifest.xml:28:5-83
	android:name
		ADDED from Desktop\HPLWeather\AndroidManifest.xml:28:22-81
uses-permission#android.permission.READ_LOGS
ADDED from Desktop\HPLWeather\AndroidManifest.xml:30:5-67
	android:name
		ADDED from Desktop\HPLWeather\AndroidManifest.xml:30:22-65
application
ADDED from Desktop\HPLWeather\AndroidManifest.xml:32:5-73:19
	android:label
		ADDED from Desktop\HPLWeather\AndroidManifest.xml:36:9-41
	android:allowBackup
		ADDED from Desktop\HPLWeather\AndroidManifest.xml:34:9-35
	android:icon
		ADDED from Desktop\HPLWeather\AndroidManifest.xml:35:9-51
	android:theme
		ADDED from Desktop\HPLWeather\AndroidManifest.xml:37:9-62
	android:name
		ADDED from Desktop\HPLWeather\AndroidManifest.xml:33:3-53
activity#com.htq.coolweather.MainActivity
ADDED from Desktop\HPLWeather\AndroidManifest.xml:38:9-47:20
	android:screenOrientation
		ADDED from Desktop\HPLWeather\AndroidManifest.xml:41:13-49
	android:label
		ADDED from Desktop\HPLWeather\AndroidManifest.xml:40:13-45
	android:name
		ADDED from Desktop\HPLWeather\AndroidManifest.xml:39:13-60
intent-filter#android.intent.action.MAIN+android.intent.category.LAUNCHER
ADDED from Desktop\HPLWeather\AndroidManifest.xml:42:13-46:29
action#android.intent.action.MAIN
ADDED from Desktop\HPLWeather\AndroidManifest.xml:43:17-69
	android:name
		ADDED from Desktop\HPLWeather\AndroidManifest.xml:43:25-66
category#android.intent.category.LAUNCHER
ADDED from Desktop\HPLWeather\AndroidManifest.xml:45:17-77
	android:name
		ADDED from Desktop\HPLWeather\AndroidManifest.xml:45:27-74
activity#com.htq.coolweather.AddCityActivity
ADDED from Desktop\HPLWeather\AndroidManifest.xml:61:9-63:20
	android:screenOrientation
		ADDED from Desktop\HPLWeather\AndroidManifest.xml:62:14-50
	android:name
		ADDED from Desktop\HPLWeather\AndroidManifest.xml:61:19-69
service#com.baidu.location.f
ADDED from Desktop\HPLWeather\AndroidManifest.xml:65:9-68:19
	android:enabled
		ADDED from Desktop\HPLWeather\AndroidManifest.xml:66:13-35
	android:process
		ADDED from Desktop\HPLWeather\AndroidManifest.xml:67:13-38
	android:name
		ADDED from Desktop\HPLWeather\AndroidManifest.xml:65:18-53
meta-data#com.baidu.lbsapi.API_KEY
ADDED from Desktop\HPLWeather\AndroidManifest.xml:69:9-72:15
	android:value
		ADDED from Desktop\HPLWeather\AndroidManifest.xml:70:13-53
	android:name
		ADDED from Desktop\HPLWeather\AndroidManifest.xml:69:20-59